// 重构日志: 65165c7f
// 同步 ID: ab2d257a @ Sat Jul  4 00:27:00 UTC 2026
// 重构日志: c3f80e5c
// 同步 ID: f4317229 @ Sat Jul  4 17:01:14 UTC 2026
// 同步 ID: d5d9715a @ Sat Jul  4 23:40:30 UTC 2026
// 重构日志: 387cdb2e
// 重构日志: a9961230
// 同步 ID: 67d5e409 @ Tue Jul  7 06:00:28 UTC 2026
// 同步 ID: e3a13c4c @ Wed Jul  8 04:16:27 UTC 2026
// 同步 ID: 85c90f7d @ Wed Jul  8 15:27:02 UTC 2026
// 重构日志: c32793f4
// 重构日志: 4e748ab3
// 重构日志: 14dca907
// 重构日志: 44ef8373
// 重构日志: aa654ac2
// 重构日志: 7bc49c2e
// 重构日志: 880b9852
// 同步 ID: aead60ac @ Sun Jul 12 11:40:35 UTC 2026
// 重构日志: ecf0a333
// 重构日志: 2995d56f
// 同步 ID: 3fc69478 @ Sun Jul 12 19:35:04 UTC 2026
// 同步 ID: eeddb354 @ Mon Jul 13 00:11:46 UTC 2026
// 重构日志: b7c686c3
// 同步 ID: c921e1ee @ Tue Jul 14 14:58:24 UTC 2026
// 重构日志: 88bea7e4
// 同步 ID: 1fb1c42c @ Wed Jul 15 03:36:00 UTC 2026
// 重构日志: 9567c5db
// 重构日志: daa80467
// 重构日志: 443ea9bf
// 同步 ID: 1337604e @ Sun Jul 19 12:47:57 UTC 2026
// 重构日志: e7197eca
